<?xml version="1.0" encoding="UTF-8"?>
<!-- Generated by org.testng.reporters.JUnitReportReporter -->
<testsuite skipped="0" hostname="DEL-C8Y5XS2" name="spsAutomation.ImportPoTest" tests="3" failures="0" timestamp="06 Feb 2020 10:37:22 GMT" time="13.758" errors="0">
  <testcase name="openSps" time="0.021" classname="spsAutomation.ImportPoTest"/>
  <testcase name="maximizeWindow" time="0.008" classname="spsAutomation.ImportPoTest"/>
  <testcase name="importOrder" time="13.729" classname="spsAutomation.ImportPoTest"/>
</testsuite> <!-- spsAutomation.ImportPoTest -->
