<?xml version="1.0" encoding="UTF-8"?>
<!-- Generated by org.testng.reporters.JUnitReportReporter -->
<testsuite skipped="0" hostname="DEL-C8Y5XS2" name="spsAutomation.ImportPoTest" tests="4" failures="0" timestamp="03 Apr 2020 10:24:27 GMT" time="54.216" errors="0">
  <testcase name="readNotesGridAheadAgain" time="16.309" classname="spsAutomation.ImportPoTest"/>
  <testcase name="invoiceAperak" time="16.481" classname="spsAutomation.ImportPoTest"/>
  <testcase name="openSps" time="0.025" classname="spsAutomation.ImportPoTest"/>
  <testcase name="invoiceFunctionalAck" time="21.401" classname="spsAutomation.ImportPoTest"/>
</testsuite> <!-- spsAutomation.ImportPoTest -->
