<?xml version="1.0" encoding="UTF-8"?>
<!-- Generated by org.testng.reporters.JUnitReportReporter -->
<testsuite skipped="0" hostname="DEL-C8Y5XS2" name="utils.RecentFileRetrieval" tests="1" failures="0" timestamp="02 Apr 2020 17:32:28 GMT" time="0.087" errors="0">
  <testcase name="replaceAllFileAtSource" time="0.087" classname="utils.RecentFileRetrieval"/>
</testsuite> <!-- utils.RecentFileRetrieval -->
